2020/07/22 18:04:28 {"callers":["C:/Users/Lip/Desktop/数据结构200题/demo/blog-service/main.go: 27 main.init.0"],"level":"info","message":"deeycjy: go-programing-tour-book/blog-service","time":1595412268362271600}
2020/07/22 18:05:59 {"callers":["C:/Users/Lip/Desktop/数据结构200题/demo/blog-service/main.go: 27 main.init.0"],"level":"info","message":"deeycjy: go-programing-tour-book/blog-service","time":1595412359065344500}
2020/07/22 18:31:56 {"callers":["C:/Users/Lip/Desktop/数据结构200题/demo/blog-service/main.go: 27 main.init.0"],"level":"info","message":"deeycjy: go-programing-tour-book/blog-service","time":1595413916310040500}
2020/07/22 18:32:10 {"callers":["C:/Users/Lip/Desktop/数据结构200题/demo/blog-service/main.go: 27 main.init.0"],"level":"info","message":"deeycjy: go-programing-tour-book/blog-service","time":1595413930592990700}
2020/07/22 18:34:31 {"callers":["C:/Users/Lip/Desktop/数据结构200题/demo/blog-service/main.go: 27 main.init.0"],"level":"info","message":"deeycjy: go-programing-tour-book/blog-service","time":1595414071627271100}
2020/07/22 21:03:50 {"callers":["C:/Users/Lip/Desktop/数据结构200题/demo/blog-service/main.go: 27 main.init.0"],"level":"info","message":"deeycjy: go-programing-tour-book/blog-service","time":1595423030889269800}
2020/07/22 21:04:34 {"callers":["C:/Users/Lip/Desktop/数据结构200题/demo/blog-service/main.go: 27 main.init.0"],"level":"error","message":"app.BindAndValid errs: Key: 'State' Error:Field validation for 'State' failed on the 'oneof' tag","time":1595423074426981400}
2020/07/23 10:06:19 {"callers":["C:/Users/Lip/Desktop/数据结构200题/demo/blog-service/main.go: 27 main.init.0"],"level":"info","message":"deeycjy: go-programing-tour-book/blog-service","time":1595469979460181800}
2020/07/23 10:11:00 {"callers":["C:/Users/Lip/Desktop/数据结构200题/demo/blog-service/main.go: 27 main.init.0"],"level":"info","message":"deeycjy: go-programing-tour-book/blog-service","time":1595470260630631600}
2020/07/23 10:17:17 {"callers":["C:/Users/Lip/Desktop/数据结构200题/demo/blog-service/main.go: 27 main.init.0"],"level":"info","message":"deeycjy: go-programing-tour-book/blog-service","time":1595470637312400900}
2020/07/23 10:17:29 {"callers":["C:/Users/Lip/Desktop/数据结构200题/demo/blog-service/main.go: 27 main.init.0"],"level":"info","message":"deeycjy: go-programing-tour-book/blog-service","time":1595470649743266300}
2020/07/23 10:19:05 {"callers":["C:/Users/Lip/Desktop/数据结构200题/demo/blog-service/main.go: 27 main.init.0"],"level":"info","message":"deeycjy: go-programing-tour-book/blog-service","time":1595470745816017400}
2020/07/23 10:20:01 {"callers":["C:/Users/Lip/Desktop/数据结构200题/demo/blog-service/main.go: 27 main.init.0"],"level":"info","message":"deeycjy: go-programing-tour-book/blog-service","time":1595470801962200500}
2020/07/23 10:20:23 {"callers":["C:/Users/Lip/Desktop/数据结构200题/demo/blog-service/main.go: 27 main.init.0"],"level":"info","message":"deeycjy: go-programing-tour-book/blog-service","time":1595470823907955100}
2020/07/23 10:20:26 {"callers":["C:/Users/Lip/Desktop/数据结构200题/demo/blog-service/main.go: 27 main.init.0"],"level":"error","message":"svc.CreateTag err: Error 1054: Unknown column 'delete_on' in 'field list'","time":1595470826234101400}
2020/07/23 10:22:27 {"callers":["C:/Users/Lip/Desktop/数据结构200题/demo/blog-service/main.go: 27 main.init.0"],"level":"error","message":"svc.CreateTag err: Error 1054: Unknown column 'delete_on' in 'field list'","time":1595470947686896900}
2020/07/23 10:40:14 {"callers":["C:/Users/Lip/Desktop/数据结构200题/demo/blog-service/main.go: 27 main.init.0"],"level":"info","message":"deeycjy: go-programing-tour-book/blog-service","time":1595472014940288500}
2020/07/23 10:48:50 {"callers":["C:/Users/Lip/Desktop/数据结构200题/demo/blog-service/main.go: 27 main.init.0"],"level":"error","message":"app.BindAndValid errs: Key: 'UpdateTagRequest.ID' Error:Field validation for 'ID' failed on the 'required' tag,Key: 'UpdateTagRequest.Name' Error:Field validation for 'Name' failed on the 'min' tag,Key: 'UpdateTagRequest.State' Error:Field validation for 'State' failed on the 'required' tag","time":1595472530795896500}
2020/07/23 10:49:11 {"callers":["C:/Users/Lip/Desktop/数据结构200题/demo/blog-service/main.go: 27 main.init.0"],"level":"error","message":"app.BindAndValid errs: Key: 'UpdateTagRequest.Name' Error:Field validation for 'Name' failed on the 'min' tag,Key: 'UpdateTagRequest.State' Error:Field validation for 'State' failed on the 'required' tag","time":1595472551882978700}
2020/07/23 10:52:26 {"callers":["C:/Users/Lip/Desktop/数据结构200题/demo/blog-service/main.go: 27 main.init.0"],"level":"error","message":"app.BindAndValid errs: Key: 'UpdateTagRequest.State' Error:Field validation for 'State' failed on the 'required' tag","time":1595472746264333800}
2020/07/23 19:35:48 {"callers":["C:/Users/Lip/Desktop/数据结构200题/demo/blog-service/main.go: 27 main.init.0"],"level":"info","message":"deeycjy: go-programing-tour-book/blog-service","time":1595504148265500900}
2020/07/23 19:35:58 {"callers":["C:/Users/Lip/Desktop/数据结构200题/demo/blog-service/main.go: 27 main.init.0"],"level":"error","message":"app.BindAndValid errs: %vKey: 'CreateArticleRequest.Name' Error:Field validation for 'Name' failed on the 'required' tag","time":1595504158449656500}
2020/07/23 19:37:58 {"callers":["C:/Users/Lip/Desktop/数据结构200题/demo/blog-service/main.go: 27 main.init.0"],"level":"info","message":"deeycjy: go-programing-tour-book/blog-service","time":1595504278665441400}
2020/07/23 19:38:00 {"callers":["C:/Users/Lip/Desktop/数据结构200题/demo/blog-service/main.go: 27 main.init.0"],"level":"error","message":"svc.CreateArticle err: Error 1054: Unknown column 'delete_on' in 'field list'","time":1595504280692914200}
2020/07/23 19:38:47 {"callers":["C:/Users/Lip/Desktop/数据结构200题/demo/blog-service/main.go: 27 main.init.0"],"level":"error","message":"svc.CreateArticle err: Error 1054: Unknown column 'conver_image_url' in 'field list'","time":1595504327411484900}
2020/07/23 19:39:58 {"callers":["C:/Users/Lip/Desktop/数据结构200题/demo/blog-service/main.go: 27 main.init.0"],"level":"error","message":"svc.CreateArticle err: Error 1054: Unknown column 'conver_image_url' in 'field list'","time":1595504398105617800}
2020/07/23 19:40:50 {"callers":["C:/Users/Lip/Desktop/数据结构200题/demo/blog-service/main.go: 27 main.init.0"],"level":"info","message":"deeycjy: go-programing-tour-book/blog-service","time":1595504450370280500}
2020/07/23 19:40:52 {"callers":["C:/Users/Lip/Desktop/数据结构200题/demo/blog-service/main.go: 27 main.init.0"],"level":"error","message":"svc.CreateArticle err: Error 1054: Unknown column 'state' in 'field list'","time":1595504452842504000}
2020/07/23 19:44:48 {"callers":["C:/Users/Lip/Desktop/数据结构200题/demo/blog-service/main.go: 27 main.init.0"],"level":"error","message":"svc.CreateArticle err: Error 1054: Unknown column 'delete_on' in 'field list'","time":1595504688035107600}
2020/07/23 19:47:45 {"callers":["C:/Users/Lip/Desktop/数据结构200题/demo/blog-service/main.go: 27 main.init.0"],"level":"info","message":"deeycjy: go-programing-tour-book/blog-service","time":1595504865190538200}
2020/07/23 19:51:55 {"callers":["C:/Users/Lip/Desktop/数据结构200题/demo/blog-service/main.go: 27 main.init.0"],"level":"info","message":"deeycjy: go-programing-tour-book/blog-service","time":1595505115223300900}
2020/07/23 19:52:53 {"callers":["C:/Users/Lip/Desktop/数据结构200题/demo/blog-service/main.go: 27 main.init.0"],"level":"error","message":"app.BindAndValid errs: %vKey: 'UpdateArticleRequest.State' Error:Field validation for 'State' failed on the 'required' tag,Key: 'UpdateArticleRequest.ModifiedBy' Error:Field validation for 'ModifiedBy' failed on the 'required' tag","time":1595505173615334200}
2020/07/23 19:54:08 {"callers":["C:/Users/Lip/Desktop/数据结构200题/demo/blog-service/main.go: 27 main.init.0"],"level":"info","message":"deeycjy: go-programing-tour-book/blog-service","time":1595505248432765400}
2020/07/23 19:54:10 {"callers":["C:/Users/Lip/Desktop/数据结构200题/demo/blog-service/main.go: 27 main.init.0"],"level":"error","message":"app.BindAndValid errs: %vKey: 'UpdateArticleRequest.State' Error:Field validation for 'State' failed on the 'required' tag,Key: 'UpdateArticleRequest.ModifiedBy' Error:Field validation for 'ModifiedBy' failed on the 'required' tag","time":1595505250737682200}
2020/07/23 19:55:54 {"callers":["C:/Users/Lip/Desktop/数据结构200题/demo/blog-service/main.go: 27 main.init.0"],"level":"error","message":"app.BindAndValid errs: %vKey: 'UpdateArticleRequest.State' Error:Field validation for 'State' failed on the 'required' tag,Key: 'UpdateArticleRequest.ModifiedBy' Error:Field validation for 'ModifiedBy' failed on the 'required' tag","time":1595505354192445400}
2020/07/23 19:58:12 {"callers":["C:/Users/Lip/Desktop/数据结构200题/demo/blog-service/main.go: 27 main.init.0"],"level":"error","message":"app.BindAndValid errs: %vKey: 'UpdateArticleRequest.State' Error:Field validation for 'State' failed on the 'required' tag","time":1595505492528627600}
2020/07/23 19:59:08 {"callers":["C:/Users/Lip/Desktop/数据结构200题/demo/blog-service/main.go: 27 main.init.0"],"level":"info","message":"deeycjy: go-programing-tour-book/blog-service","time":1595505548554307600}
2020/07/23 19:59:10 {"callers":["C:/Users/Lip/Desktop/数据结构200题/demo/blog-service/main.go: 27 main.init.0"],"level":"error","message":"app.BindAndValid errs: %vKey: 'UpdateArticleRequest.State' Error:Field validation for 'State' failed on the 'required' tag","time":1595505550690673800}
2020/07/23 19:59:43 {"callers":["C:/Users/Lip/Desktop/数据结构200题/demo/blog-service/main.go: 27 main.init.0"],"level":"info","message":"deeycjy: go-programing-tour-book/blog-service","time":1595505583772975100}
2020/07/23 19:59:45 {"callers":["C:/Users/Lip/Desktop/数据结构200题/demo/blog-service/main.go: 27 main.init.0"],"level":"error","message":"svc.UpdateArticle err: Error 1103: Incorrect table name ''","time":1595505585751027100}
2020/07/23 20:43:13 {"callers":["C:/Users/Lip/Desktop/数据结构200题/demo/blog-service/main.go: 27 main.init.0"],"level":"info","message":"deeycjy: go-programing-tour-book/blog-service","time":1595508193533345400}
2020/07/23 21:38:55 {"callers":["C:/Users/Lip/Desktop/数据结构200题/demo/blog-service/main.go: 27 main.init.0"],"level":"info","message":"deeycjy: go-programing-tour-book/blog-service","time":1595511535160368000}
2020/07/23 21:39:32 {"callers":["C:/Users/Lip/Desktop/数据结构200题/demo/blog-service/main.go: 27 main.init.0"],"level":"error","message":"svc.CheckAuth err: auth info does not exist.","time":1595511572417621400}
2020/07/23 21:39:59 {"callers":["C:/Users/Lip/Desktop/数据结构200题/demo/blog-service/main.go: 27 main.init.0"],"level":"error","message":"svc.CheckAuth err: auth info does not exist.","time":1595511599079640900}
2020/07/23 21:40:35 {"callers":["C:/Users/Lip/Desktop/数据结构200题/demo/blog-service/main.go: 27 main.init.0"],"level":"error","message":"svc.CheckAuth err: auth info does not exist.","time":1595511635466410200}
2020/07/23 21:40:46 {"callers":["C:/Users/Lip/Desktop/数据结构200题/demo/blog-service/main.go: 27 main.init.0"],"level":"info","message":"deeycjy: go-programing-tour-book/blog-service","time":1595511646397537400}
2020/07/23 21:40:55 {"callers":["C:/Users/Lip/Desktop/数据结构200题/demo/blog-service/main.go: 27 main.init.0"],"level":"error","message":"svc.CheckAuth err: auth info does not exist.","time":1595511655880121800}
2020/07/23 21:41:51 {"callers":["C:/Users/Lip/Desktop/数据结构200题/demo/blog-service/main.go: 27 main.init.0"],"level":"error","message":"svc.CheckAuth err: auth info does not exist.","time":1595511711117128900}
2020/07/23 21:41:52 {"callers":["C:/Users/Lip/Desktop/数据结构200题/demo/blog-service/main.go: 27 main.init.0"],"level":"error","message":"svc.CheckAuth err: auth info does not exist.","time":1595511712146698200}
2020/07/23 21:42:36 {"callers":["C:/Users/Lip/Desktop/数据结构200题/demo/blog-service/main.go: 27 main.init.0"],"level":"error","message":"svc.CheckAuth err: auth info does not exist.","time":1595511756699835600}
2020/07/23 21:44:13 {"callers":["C:/Users/Lip/Desktop/数据结构200题/demo/blog-service/main.go: 27 main.init.0"],"level":"error","message":"app.GenerateToken err: key is of invalid type","time":1595511853187487600}
2020/07/23 21:45:27 {"callers":["C:/Users/Lip/Desktop/数据结构200题/demo/blog-service/main.go: 27 main.init.0"],"level":"info","message":"deeycjy: go-programing-tour-book/blog-service","time":1595511927445545800}
2020/07/23 21:45:31 {"callers":["C:/Users/Lip/Desktop/数据结构200题/demo/blog-service/main.go: 27 main.init.0"],"level":"error","message":"app.GenerateToken err: key is of invalid type","time":1595511931275894200}
2020/07/23 22:22:12 {"callers":["C:/Users/Lip/Desktop/数据结构200题/demo/blog-service/main.go: 27 main.init.0"],"level":"error","message":"app.GenerateToken err: key is of invalid type","time":1595514132811598200}
2020/07/23 22:30:21 {"callers":["C:/Users/Lip/Desktop/数据结构200题/demo/blog-service/main.go: 27 main.init.0"],"level":"error","message":"app.GenerateToken err: key is of invalid type","time":1595514621810760000}
2020/07/23 22:31:30 {"callers":["C:/Users/Lip/Desktop/数据结构200题/demo/blog-service/main.go: 27 main.init.0"],"level":"info","message":"deeycjy: go-programing-tour-book/blog-service","time":1595514690662039100}
2020/07/23 22:31:47 {"callers":["C:/Users/Lip/Desktop/数据结构200题/demo/blog-service/main.go: 27 main.init.0"],"level":"error","message":"app.GenerateToken err: key is of invalid type","time":1595514707562201800}
2020/07/23 22:35:46 {"callers":["C:/Users/Lip/Desktop/数据结构200题/demo/blog-service/main.go: 27 main.init.0"],"level":"info","message":"deeycjy: go-programing-tour-book/blog-service","time":1595514946848381400}
2020/07/23 22:51:27 {"callers":["C:/Users/Lip/Desktop/数据结构200题/demo/blog-service/main.go: 27 main.init.0"],"level":"info","message":"deeycjy: go-programing-tour-book/blog-service","time":1595515887856525400}
